INFO [2023-05-11 14:36:30] $x
INFO [2023-05-11 14:36:30] list(set1, set2, set3)
INFO [2023-05-11 14:36:30] 
INFO [2023-05-11 14:36:30] $category.names
INFO [2023-05-11 14:36:30] c("Set 1", "Set 2 ", "Set 3")
INFO [2023-05-11 14:36:30] 
INFO [2023-05-11 14:36:30] $filename
INFO [2023-05-11 14:36:30] [1] "#14_venn_diagramm.png"
INFO [2023-05-11 14:36:30] 
INFO [2023-05-11 14:36:30] $output
INFO [2023-05-11 14:36:30] [1] TRUE
INFO [2023-05-11 14:36:30] 
INFO [2023-05-11 14:36:30] $imagetype
INFO [2023-05-11 14:36:30] [1] "png"
INFO [2023-05-11 14:36:30] 
INFO [2023-05-11 14:36:30] $height
INFO [2023-05-11 14:36:30] [1] 480
INFO [2023-05-11 14:36:30] 
INFO [2023-05-11 14:36:30] $width
INFO [2023-05-11 14:36:30] [1] 480
INFO [2023-05-11 14:36:30] 
INFO [2023-05-11 14:36:30] $resolution
INFO [2023-05-11 14:36:30] [1] 300
INFO [2023-05-11 14:36:30] 
INFO [2023-05-11 14:36:30] $compression
INFO [2023-05-11 14:36:30] [1] "lzw"
INFO [2023-05-11 14:36:30] 
INFO [2023-05-11 14:36:30] $lwd
INFO [2023-05-11 14:36:30] [1] 2
INFO [2023-05-11 14:36:30] 
INFO [2023-05-11 14:36:30] $lty
INFO [2023-05-11 14:36:30] [1] "blank"
INFO [2023-05-11 14:36:30] 
INFO [2023-05-11 14:36:30] $fill
INFO [2023-05-11 14:36:30] myCol
INFO [2023-05-11 14:36:30] 
INFO [2023-05-11 14:36:30] $cex
INFO [2023-05-11 14:36:30] [1] 0.6
INFO [2023-05-11 14:36:30] 
INFO [2023-05-11 14:36:30] $fontface
INFO [2023-05-11 14:36:30] [1] "bold"
INFO [2023-05-11 14:36:30] 
INFO [2023-05-11 14:36:30] $fontfamily
INFO [2023-05-11 14:36:30] [1] "sans"
INFO [2023-05-11 14:36:30] 
INFO [2023-05-11 14:36:30] $cat.cex
INFO [2023-05-11 14:36:30] [1] 0.6
INFO [2023-05-11 14:36:30] 
INFO [2023-05-11 14:36:30] $cat.fontface
INFO [2023-05-11 14:36:30] [1] "bold"
INFO [2023-05-11 14:36:30] 
INFO [2023-05-11 14:36:30] $cat.default.pos
INFO [2023-05-11 14:36:30] [1] "outer"
INFO [2023-05-11 14:36:30] 
INFO [2023-05-11 14:36:30] $cat.pos
INFO [2023-05-11 14:36:30] c(-27, 27, 135)
INFO [2023-05-11 14:36:30] 
INFO [2023-05-11 14:36:30] $cat.dist
INFO [2023-05-11 14:36:30] c(0.055, 0.055, 0.085)
INFO [2023-05-11 14:36:30] 
INFO [2023-05-11 14:36:30] $cat.fontfamily
INFO [2023-05-11 14:36:30] [1] "sans"
INFO [2023-05-11 14:36:30] 
INFO [2023-05-11 14:36:30] $rotation
INFO [2023-05-11 14:36:30] [1] 1
INFO [2023-05-11 14:36:30] 
