INFO [2023-05-11 23:11:15] $x
INFO [2023-05-11 23:11:15] list(set1, set2, set3)
INFO [2023-05-11 23:11:15] 
INFO [2023-05-11 23:11:15] $category.names
INFO [2023-05-11 23:11:15] c("Set 1", "Set 2 ", "Set 3")
INFO [2023-05-11 23:11:15] 
INFO [2023-05-11 23:11:15] $filename
INFO [2023-05-11 23:11:15] [1] "#14_venn_diagramm.png"
INFO [2023-05-11 23:11:15] 
INFO [2023-05-11 23:11:15] $output
INFO [2023-05-11 23:11:15] [1] TRUE
INFO [2023-05-11 23:11:15] 
INFO [2023-05-11 23:11:15] $imagetype
INFO [2023-05-11 23:11:15] [1] "png"
INFO [2023-05-11 23:11:15] 
INFO [2023-05-11 23:11:15] $height
INFO [2023-05-11 23:11:15] [1] 480
INFO [2023-05-11 23:11:15] 
INFO [2023-05-11 23:11:15] $width
INFO [2023-05-11 23:11:15] [1] 480
INFO [2023-05-11 23:11:15] 
INFO [2023-05-11 23:11:15] $resolution
INFO [2023-05-11 23:11:15] [1] 300
INFO [2023-05-11 23:11:15] 
INFO [2023-05-11 23:11:15] $compression
INFO [2023-05-11 23:11:15] [1] "lzw"
INFO [2023-05-11 23:11:15] 
INFO [2023-05-11 23:11:15] $lwd
INFO [2023-05-11 23:11:15] [1] 2
INFO [2023-05-11 23:11:15] 
INFO [2023-05-11 23:11:15] $lty
INFO [2023-05-11 23:11:15] [1] "blank"
INFO [2023-05-11 23:11:15] 
INFO [2023-05-11 23:11:15] $fill
INFO [2023-05-11 23:11:15] myCol
INFO [2023-05-11 23:11:15] 
INFO [2023-05-11 23:11:15] $cex
INFO [2023-05-11 23:11:15] [1] 0.6
INFO [2023-05-11 23:11:15] 
INFO [2023-05-11 23:11:15] $fontface
INFO [2023-05-11 23:11:15] [1] "bold"
INFO [2023-05-11 23:11:15] 
INFO [2023-05-11 23:11:15] $fontfamily
INFO [2023-05-11 23:11:15] [1] "sans"
INFO [2023-05-11 23:11:15] 
INFO [2023-05-11 23:11:15] $cat.cex
INFO [2023-05-11 23:11:15] [1] 0.6
INFO [2023-05-11 23:11:15] 
INFO [2023-05-11 23:11:15] $cat.fontface
INFO [2023-05-11 23:11:15] [1] "bold"
INFO [2023-05-11 23:11:15] 
INFO [2023-05-11 23:11:15] $cat.default.pos
INFO [2023-05-11 23:11:15] [1] "outer"
INFO [2023-05-11 23:11:15] 
INFO [2023-05-11 23:11:15] $cat.pos
INFO [2023-05-11 23:11:15] c(-27, 27, 135)
INFO [2023-05-11 23:11:15] 
INFO [2023-05-11 23:11:15] $cat.dist
INFO [2023-05-11 23:11:15] c(0.055, 0.055, 0.085)
INFO [2023-05-11 23:11:15] 
INFO [2023-05-11 23:11:15] $cat.fontfamily
INFO [2023-05-11 23:11:15] [1] "sans"
INFO [2023-05-11 23:11:15] 
INFO [2023-05-11 23:11:15] $rotation
INFO [2023-05-11 23:11:15] [1] 1
INFO [2023-05-11 23:11:15] 
